# JRE version: Java(TM) SE Runtime Environment (8.0_131-b11) (build 1.8.0_131-b11)
# Java VM: Java HotSpot(TM) Client VM (25.131-b11 mixed mode, sharing windows-x86 )
Heap:
 def new generation   total 4928K, used 3069K [0x03800000, 0x03d50000, 0x08d50000)
  eden space 4416K,  58% used [0x03800000, 0x03a899a0, 0x03c50000)
  from space 512K,  91% used [0x03c50000, 0x03cc5a70, 0x03cd0000)
  to   space 512K,   0% used [0x03cd0000, 0x03cd0000, 0x03d50000)
 tenured generation   total 10944K, used 1050K [0x08d50000, 0x09800000, 0x13800000)
   the space 10944K,   9% used [0x08d50000, 0x08e56948, 0x08e56a00, 0x09800000)
 Metaspace       used 916K, capacity 2808K, committed 2880K, reserved 4480K
GC Heap History (4 events):
Event: 0.225 GC heap before
{Heap before GC invocations=0 (full 0):
 def new generation   total 4928K, used 4416K [0x03800000, 0x03d50000, 0x08d50000)
  eden space 4416K, 100% used [0x03800000, 0x03c50000, 0x03c50000)
  from space 512K,   0% used [0x03c50000, 0x03c50000, 0x03cd0000)
  to   space 512K,   0% used [0x03cd0000, 0x03cd0000, 0x03d50000)
 tenured generation   total 10944K, used 0K [0x08d50000, 0x09800000, 0x13800000)
   the space 10944K,   0% used [0x08d50000, 0x08d50000, 0x08d50200, 0x09800000)
 Metaspace       used 662K, capacity 2642K, committed 2752K, reserved 4480K
Event: 0.227 GC heap after
Heap after GC invocations=1 (full 0):
 def new generation   total 4928K, used 512K [0x03800000, 0x03d50000, 0x08d50000)
  eden space 4416K,   0% used [0x03800000, 0x03800000, 0x03c50000)
  from space 512K, 100% used [0x03cd0000, 0x03d50000, 0x03d50000)
  to   space 512K,   0% used [0x03c50000, 0x03c50000, 0x03cd0000)
 tenured generation   total 10944K, used 540K [0x08d50000, 0x09800000, 0x13800000)
   the space 10944K,   4% used [0x08d50000, 0x08dd72d0, 0x08dd7400, 0x09800000)
 Metaspace       used 662K, capacity 2642K, committed 2752K, reserved 4480K
}
Event: 0.319 GC heap before
{Heap before GC invocations=1 (full 0):
 def new generation   total 4928K, used 4928K [0x03800000, 0x03d50000, 0x08d50000)
  eden space 4416K, 100% used [0x03800000, 0x03c50000, 0x03c50000)
  from space 512K, 100% used [0x03cd0000, 0x03d50000, 0x03d50000)
  to   space 512K,   0% used [0x03c50000, 0x03c50000, 0x03cd0000)
 tenured generation   total 10944K, used 540K [0x08d50000, 0x09800000, 0x13800000)
   the space 10944K,   4% used [0x08d50000, 0x08dd72d0, 0x08dd7400, 0x09800000)
 Metaspace       used 845K, capacity 2776K, committed 2880K, reserved 4480K
Event: 0.321 GC heap after
Heap after GC invocations=2 (full 0):
 def new generation   total 4928K, used 470K [0x03800000, 0x03d50000, 0x08d50000)
  eden space 4416K,   0% used [0x03800000, 0x03800000, 0x03c50000)
  from space 512K,  91% used [0x03c50000, 0x03cc5a70, 0x03cd0000)
  to   space 512K,   0% used [0x03cd0000, 0x03cd0000, 0x03d50000)
 tenured generation   total 10944K, used 1050K [0x08d50000, 0x09800000, 0x13800000)
   the space 10944K,   9% used [0x08d50000, 0x08e56948, 0x08e56a00, 0x09800000)
 Metaspace       used 845K, capacity 2776K, committed 2880K, reserved 4480K
}

